#
# There is insufficient memory for the Java Runtime Environment to continue.
# Native memory allocation (malloc) failed to allocate 1032816 bytes for Chunk::new
# Possible reasons:
#   The system is out of physical RAM or swap space
#   The process is running with CompressedOops enabled, and the Java Heap may be blocking the growth of the native heap
# Possible solutions:
#   Reduce memory load on the system
#   Increase physical memory or swap space
#   Check if swap backing store is full
#   Decrease Java heap size (-Xmx/-Xms)
#   Decrease number of Java threads
#   Decrease Java thread stack sizes (-Xss)
#   Set larger code cache with -XX:ReservedCodeCacheSize=
#   JVM is running with Unscaled Compressed Oops mode in which the Java heap is
#     placed in the first 4GB address space. The Java Heap base address is the
#     maximum limit for the native heap growth. Please use -XX:HeapBaseMinAddress
#     to set the Java Heap base and to place the Java Heap above 4GB virtual address.
# This output file may be truncated or incomplete.
#
#  Out of Memory Error (allocation.cpp:389), pid=25948, tid=0x0000000000005d60
#
# JRE version: OpenJDK Runtime Environment (8.0_242-b01) (build 1.8.0_242-release-1644-b01)
# Java VM: OpenJDK 64-Bit Server VM (25.242-b01 mixed mode windows-amd64 compressed oops)
# Failed to write core dump. Minidumps are not enabled by default on client versions of Windows
#

---------------  T H R E A D  ---------------

Current thread (0x000000001695b800):  JavaThread "C2 CompilerThread0" daemon [_thread_in_native, id=23904, stack(0x00000000185d0000,0x00000000186d0000)]

Stack: [0x00000000185d0000,0x00000000186d0000]
[error occurred during error reporting (printing stack bounds), id 0xc0000005]

Native frames: (J=compiled Java code, j=interpreted, Vv=VM code, C=native code)


Current CompileTask:
C2: 680971 25011 %     4       com.android.tools.r8.ir.regalloc.a::a @ 1397 (3993 bytes)


---------------  P R O C E S S  ---------------

Java Threads: ( => current thread )
  0x00000000265f5800 JavaThread "WorkerExecutor Queue Thread 8" [_thread_blocked, id=23292, stack(0x000000001c5f0000,0x000000001c6f0000)]
  0x00000000265f4800 JavaThread "Cache worker for Java compile cache (D:\Subham_Mishra\OtakuFlix\OtakuFlix\.gradle\6.1.1\javaCompile)" [_thread_blocked, id=20788, stack(0x00000000299a0000,0x0000000029aa0000)]
  0x00000000265fb800 JavaThread "Cache worker for Java compile cache (C:\Users\mishra\.gradle\caches\6.1.1\javaCompile)" [_thread_blocked, id=21116, stack(0x00000000298a0000,0x00000000299a0000)]
  0x00000000265f9000 JavaThread "WorkerExecutor Queue Thread 7" [_thread_blocked, id=25196, stack(0x000000002a0a0000,0x000000002a1a0000)]
  0x00000000265fa800 JavaThread "stdout" [_thread_in_native, id=26048, stack(0x0000000029da0000,0x0000000029ea0000)]
  0x00000000265fa000 JavaThread "stderr" [_thread_in_native, id=23188, stack(0x0000000029ca0000,0x0000000029da0000)]
  0x00000000265f8800 JavaThread "WorkerExecutor Queue Thread 6" [_thread_in_native, id=22396, stack(0x0000000029ba0000,0x0000000029ca0000)]
  0x00000000265f4000 JavaThread "WorkerExecutor Queue Thread 5" [_thread_blocked, id=26212, stack(0x0000000029aa0000,0x0000000029ba0000)]
  0x00000000265f3000 JavaThread "WorkerExecutor Queue Thread 2" [_thread_blocked, id=5828, stack(0x00000000297a0000,0x00000000298a0000)]
  0x000000001ed19800 JavaThread "WorkerExecutor Queue" [_thread_blocked, id=15100, stack(0x00000000296a0000,0x00000000297a0000)]
  0x000000001ed23800 JavaThread "stdout" [_thread_in_native, id=7676, stack(0x00000000293a0000,0x00000000294a0000)]
  0x000000001ed21000 JavaThread "stderr" [_thread_in_native, id=12012, stack(0x00000000292a0000,0x00000000293a0000)]
  0x000000001ed1f000 JavaThread "stdout" [_thread_in_native, id=17780, stack(0x00000000291a0000,0x00000000292a0000)]
  0x000000001ed1f800 JavaThread "stderr" [_thread_in_native, id=20380, stack(0x00000000290a0000,0x00000000291a0000)]
  0x000000001ed22000 JavaThread "stdout" [_thread_in_native, id=23264, stack(0x0000000028fa0000,0x00000000290a0000)]
  0x000000001ed20800 JavaThread "stderr" [_thread_in_native, id=9172, stack(0x0000000028ea0000,0x0000000028fa0000)]
  0x000000001ed22800 JavaThread "stdout" [_thread_in_native, id=24596, stack(0x0000000028da0000,0x0000000028ea0000)]
  0x000000001ed17800 JavaThread "stderr" [_thread_in_native, id=20904, stack(0x0000000028ca0000,0x0000000028da0000)]
  0x000000001ed1e000 JavaThread "stdout" [_thread_in_native, id=10664, stack(0x0000000028ba0000,0x0000000028ca0000)]
  0x000000001ed1d800 JavaThread "stderr" [_thread_in_native, id=13260, stack(0x0000000028aa0000,0x0000000028ba0000)]
  0x000000001ed1c800 JavaThread "pool-5-thread-1" [_thread_blocked, id=23648, stack(0x00000000289a0000,0x0000000028aa0000)]
  0x000000001ed16800 JavaThread "Cache worker for execution history cache (D:\Subham_Mishra\OtakuFlix\OtakuFlix\.gradle\6.1.1\executionHistory)" [_thread_blocked, id=13104, stack(0x00000000288a0000,0x00000000289a0000)]
  0x000000001ed1c000 JavaThread "Execution worker for ':' Thread 5" [_thread_in_Java, id=16892, stack(0x00000000287a0000,0x00000000288a0000)]
  0x000000001ed16000 JavaThread "Execution worker for ':' Thread 4" [_thread_blocked, id=9436, stack(0x00000000286a0000,0x00000000287a0000)]
  0x000000001ed1b000 JavaThread "Execution worker for ':' Thread 3" [_thread_in_Java, id=18920, stack(0x00000000285a0000,0x00000000286a0000)]
  0x000000001ed14800 JavaThread "Execution worker for ':' Thread 2" [_thread_in_Java, id=20704, stack(0x00000000284a0000,0x00000000285a0000)]
  0x000000001ed18000 JavaThread "Execution worker for ':'" [_thread_in_Java, id=26336, stack(0x00000000283a0000,0x00000000284a0000)]
  0x000000001ed1a800 JavaThread "Cache worker for file content cache (D:\Subham_Mishra\OtakuFlix\OtakuFlix\.gradle\6.1.1\fileContent)" [_thread_blocked, id=24648, stack(0x0000000027040000,0x0000000027140000)]
  0x000000001abca800 JavaThread "Cache worker for file content cache (C:\Users\mishra\.gradle\caches\6.1.1\fileContent)" [_thread_blocked, id=21376, stack(0x0000000025480000,0x0000000025580000)]
  0x000000001abc9800 JavaThread "Memory manager" [_thread_blocked, id=20676, stack(0x0000000024ef0000,0x0000000024ff0000)]
  0x000000001abc6800 JavaThread "Cache worker for Build Output Cleanup Cache (D:\Subham_Mishra\OtakuFlix\OtakuFlix\.gradle\buildOutputCleanup)" [_thread_blocked, id=26400, stack(0x00000000239b0000,0x0000000023ab0000)]
  0x000000001abc4800 JavaThread "Build operations Thread 6" [_thread_blocked, id=22520, stack(0x0000000023630000,0x0000000023730000)]
  0x000000001abc6000 JavaThread "Build operations Thread 5" [_thread_blocked, id=11568, stack(0x0000000022730000,0x0000000022830000)]
  0x000000001f51e800 JavaThread "Build operations Thread 4" [_thread_blocked, id=4384, stack(0x0000000022630000,0x0000000022730000)]
  0x000000001f51c800 JavaThread "Build operations Thread 3" [_thread_blocked, id=6244, stack(0x0000000022530000,0x0000000022630000)]
  0x000000001f51e000 JavaThread "Build operations Thread 2" [_thread_blocked, id=25440, stack(0x0000000022430000,0x0000000022530000)]
  0x000000001f51d000 JavaThread "Build operations" [_thread_blocked, id=25776, stack(0x0000000022330000,0x0000000022430000)]
  0x000000001f51b800 JavaThread "Cache worker for cache directory md-rule (C:\Users\mishra\.gradle\caches\6.1.1\md-rule)" [_thread_blocked, id=13784, stack(0x0000000022230000,0x0000000022330000)]
  0x000000001f51f800 JavaThread "Cache worker for cache directory md-supplier (C:\Users\mishra\.gradle\caches\6.1.1\md-supplier)" [_thread_blocked, id=22248, stack(0x00000000216e0000,0x00000000217e0000)]
  0x000000001f514000 JavaThread "Cache worker for file hash cache (D:\Subham_Mishra\OtakuFlix\OtakuFlix\.gradle\6.1.1\fileHashes)" [_thread_blocked, id=24296, stack(0x00000000206e0000,0x00000000207e0000)]
  0x000000001f518000 JavaThread "Cache worker for checksums cache (D:\Subham_Mishra\OtakuFlix\OtakuFlix\.gradle\checksums)" [_thread_blocked, id=18168, stack(0x000000001ddc0000,0x000000001dec0000)]
  0x000000001f517000 JavaThread "Thread-36" [_thread_blocked, id=24904, stack(0x000000001c7f0000,0x000000001c8f0000)]
  0x000000001f515000 JavaThread "Asynchronous log dispatcher for DefaultDaemonConnection: socket connection from /127.0.0.1:49798 to /127.0.0.1:50176" [_thread_blocked, id=7248, stack(0x000000001c4f0000,0x000000001c5f0000)]
  0x000000001f51b000 JavaThread "Daemon worker Thread 2" [_thread_in_Java, id=2308, stack(0x000000001c3f0000,0x000000001c4f0000)]
  0x000000001f512000 JavaThread "Cancel handler" [_thread_blocked, id=25612, stack(0x000000001c0f0000,0x000000001c1f0000)]
  0x000000001f516800 JavaThread "Handler for socket connection from /127.0.0.1:49798 to /127.0.0.1:50176" [_thread_in_native, id=2284, stack(0x000000001bff0000,0x000000001c0f0000)]
  0x000000001f513800 JavaThread "Daemon Thread 2" [_thread_blocked, id=25636, stack(0x0000000001140000,0x0000000001240000)]
  0x000000001abc7800 JavaThread "Cache worker for execution history cache (C:\Users\mishra\.gradle\caches\6.1.1\executionHistory)" [_thread_blocked, id=9664, stack(0x00000000207e0000,0x00000000208e0000)]
  0x000000001abcb000 JavaThread "Cache worker for file hash cache (C:\Users\mishra\.gradle\caches\6.1.1\fileHashes)" [_thread_blocked, id=11596, stack(0x000000001ccf0000,0x000000001cdf0000)]
  0x000000001abc5000 JavaThread "File lock request listener" [_thread_in_native, id=21424, stack(0x000000001cbf0000,0x000000001ccf0000)]
  0x0000000018fa5800 JavaThread "Cache worker for journal cache (C:\Users\mishra\.gradle\caches\journal-1)" [_thread_blocked, id=12944, stack(0x000000001caf0000,0x000000001cbf0000)]
  0x000000001a699000 JavaThread "Daemon periodic checks" [_thread_blocked, id=15884, stack(0x000000001bef0000,0x000000001bff0000)]
  0x000000001aadd000 JavaThread "Incoming local TCP Connector on port 49798" [_thread_in_native, id=23452, stack(0x000000001bcb0000,0x000000001bdb0000)]
  0x000000001aa32800 JavaThread "Daemon health stats" [_thread_blocked, id=19372, stack(0x000000001b670000,0x000000001b770000)]
  0x000000001696d800 JavaThread "Service Thread" daemon [_thread_blocked, id=25764, stack(0x0000000018cd0000,0x0000000018dd0000)]
  0x0000000016965800 JavaThread "C1 CompilerThread2" daemon [_thread_blocked, id=4120, stack(0x0000000018bd0000,0x0000000018cd0000)]
  0x000000001695e800 JavaThread "C2 CompilerThread1" daemon [_thread_in_native, id=24984, stack(0x00000000186d0000,0x00000000187d0000)]
=>0x000000001695b800 JavaThread "C2 CompilerThread0" daemon [_thread_in_native, id=23904, stack(0x00000000185d0000,0x00000000186d0000)]
  0x0000000016954800 JavaThread "Attach Listener" daemon [_thread_blocked, id=23584, stack(0x00000000184d0000,0x00000000185d0000)]
  0x0000000016958000 JavaThread "Signal Dispatcher" daemon [_thread_blocked, id=6100, stack(0x00000000183d0000,0x00000000184d0000)]
  0x0000000002d9c000 JavaThread "Finalizer" daemon [_thread_blocked, id=13240, stack(0x00000000181d0000,0x00000000182d0000)]
  0x0000000002d95000 JavaThread "Reference Handler" daemon [_thread_blocked, id=16352, stack(0x00000000180d0000,0x00000000181d0000)]
  0x0000000002c9d800 JavaThread "main" [_thread_blocked, id=17036, stack(0x0000000002b60000,0x0000000002c60000)]

Other Threads:
  0x0000000016917000 VMThread [stack: 0x0000000017fd0000,0x00000000180d0000] [id=24304]
  0x000000001696e000 WatcherThread [stack: 0x0000000018dd0000,0x0000000018ed0000] [id=5956]

VM state:not at safepoint (normal execution)

VM Mutex/Monitor currently owned by a thread: None

heap address: 0x00000000a0000000, size: 1536 MB, Compressed Oops mode: 32-bit
Narrow klass base: 0x0000000000000000, Narrow klass shift: 3
Compressed class space size: 1073741824 Address: 0x0000000100000000

Heap:
 PSYoungGen      total 485376K, used 63533K [0x00000000e0000000, 0x0000000100000000, 0x0000000100000000)
  eden space 446464K, 5% used [0x00000000e0000000,0x00000000e180fb70,0x00000000fb400000)
  from space 38912K, 99% used [0x00000000fb400000,0x00000000fd9fb8e0,0x00000000fda00000)
  to   space 38912K, 0% used [0x00000000fda00000,0x00000000fda00000,0x0000000100000000)
 ParOldGen       total 180224K, used 144879K [0x00000000a0000000, 0x00000000ab000000, 0x00000000e0000000)
  object space 180224K, 80% used [0x00000000a0000000,0x00000000a8d7bed0,0x00000000ab000000)
 Metaspace       used 119979K, capacity 124930K, committed 125232K, reserved 1159168K
  class space    used 15032K, capacity 16099K, committed 16176K, reserved 1048576K

Card table byte_map: [0x0000000012160000,0x0000000012470000] byte_map_base: 0x0000000011c60000

Marking Bits: (ParMarkBitMap*) 0x00000000643bf030
 Begin Bits: [0x0000000012c70000, 0x0000000014470000)
 End Bits:   [0x0000000014470000, 0x0000000015c70000)

Polling page: 0x00000000009f0000

CodeCache: size=245760Kb used=70316Kb max_used=71443Kb free=175443Kb
 bounds [0x0000000002da0000, 0x00000000073c0000, 0x0000000011da0000]
 total_blobs=20305 nmethods=19336 adapters=880
 compilation: enabled

Compilation events (10 events):
Event: 680.914 Thread 0x0000000016965800 25025       2       com.android.tools.r8.ir.analysis.type.a::a (33 bytes)
Event: 680.916 Thread 0x0000000016965800 nmethod 25025 0x000000000716e150 code [0x000000000716e2c0, 0x000000000716e558]
Event: 680.919 Thread 0x0000000016965800 25027       2       com.android.tools.r8.u.b.p1::a (96 bytes)
Event: 680.923 Thread 0x0000000016965800 nmethod 25027 0x0000000006f8f990 code [0x0000000006f8fb40, 0x0000000006f8ffe8]
Event: 680.923 Thread 0x0000000016965800 25028       1       com.android.tools.r8.ir.conversion.H::a (5 bytes)
Event: 680.923 Thread 0x0000000016965800 nmethod 25028 0x000000000701d250 code [0x000000000701d3a0, 0x000000000701d4b0]
Event: 680.923 Thread 0x0000000016965800 25029       2       com.android.tools.r8.ir.optimize.l::a (208 bytes)
Event: 680.925 Thread 0x0000000016965800 nmethod 25029 0x0000000005d36550 code [0x0000000005d36860, 0x0000000005d375f8]
Event: 680.946 Thread 0x0000000016965800 25030       1       java.util.stream.SortedOps$AbstractRefSortingSink::cancellationRequested (7 bytes)
Event: 680.946 Thread 0x0000000016965800 nmethod 25030 0x000000000716de90 code [0x000000000716dfe0, 0x000000000716e0f0]

GC Heap History (10 events):
Event: 635.779 GC heap before
{Heap before GC invocations=37 (full 4):
 PSYoungGen      total 483840K, used 467831K [0x00000000e0000000, 0x0000000100000000, 0x0000000100000000)
  eden space 445952K, 100% used [0x00000000e0000000,0x00000000fb380000,0x00000000fb380000)
  from space 37888K, 57% used [0x00000000fd900000,0x00000000fee5df90,0x00000000ffe00000)
  to   space 38400K, 0% used [0x00000000fb380000,0x00000000fb380000,0x00000000fd900000)
 ParOldGen       total 180224K, used 99359K [0x00000000a0000000, 0x00000000ab000000, 0x00000000e0000000)
  object space 180224K, 55% used [0x00000000a0000000,0x00000000a6107e78,0x00000000ab000000)
 Metaspace       used 91657K, capacity 95512K, committed 96432K, reserved 1132544K
  class space    used 11639K, capacity 12484K, committed 12720K, reserved 1048576K
Event: 635.935 GC heap after
Heap after GC invocations=37 (full 4):
 PSYoungGen      total 484352K, used 18519K [0x00000000e0000000, 0x00000000ffe80000, 0x0000000100000000)
  eden space 445952K, 0% used [0x00000000e0000000,0x00000000e0000000,0x00000000fb380000)
  from space 38400K, 48% used [0x00000000fb380000,0x00000000fc595cb8,0x00000000fd900000)
  to   space 37376K, 0% used [0x00000000fda00000,0x00000000fda00000,0x00000000ffe80000)
 ParOldGen       total 180224K, used 119169K [0x00000000a0000000, 0x00000000ab000000, 0x00000000e0000000)
  object space 180224K, 66% used [0x00000000a0000000,0x00000000a74605f0,0x00000000ab000000)
 Metaspace       used 91657K, capacity 95512K, committed 96432K, reserved 1132544K
  class space    used 11639K, capacity 12484K, committed 12720K, reserved 1048576K
}
Event: 646.477 GC heap before
{Heap before GC invocations=38 (full 4):
 PSYoungGen      total 484352K, used 464471K [0x00000000e0000000, 0x00000000ffe80000, 0x0000000100000000)
  eden space 445952K, 100% used [0x00000000e0000000,0x00000000fb380000,0x00000000fb380000)
  from space 38400K, 48% used [0x00000000fb380000,0x00000000fc595cb8,0x00000000fd900000)
  to   space 37376K, 0% used [0x00000000fda00000,0x00000000fda00000,0x00000000ffe80000)
 ParOldGen       total 180224K, used 119169K [0x00000000a0000000, 0x00000000ab000000, 0x00000000e0000000)
  object space 180224K, 66% used [0x00000000a0000000,0x00000000a74605f0,0x00000000ab000000)
 Metaspace       used 93255K, capacity 97166K, committed 97840K, reserved 1134592K
  class space    used 11811K, capacity 12681K, committed 12848K, reserved 1048576K
Event: 646.654 GC heap after
Heap after GC invocations=38 (full 4):
 PSYoungGen      total 485376K, used 6603K [0x00000000e0000000, 0x00000000ffe00000, 0x0000000100000000)
  eden space 448512K, 0% used [0x00000000e0000000,0x00000000e0000000,0x00000000fb600000)
  from space 36864K, 17% used [0x00000000fda00000,0x00000000fe072f68,0x00000000ffe00000)
  to   space 36864K, 0% used [0x00000000fb600000,0x00000000fb600000,0x00000000fda00000)
 ParOldGen       total 180224K, used 125242K [0x00000000a0000000, 0x00000000ab000000, 0x00000000e0000000)
  object space 180224K, 69% used [0x00000000a0000000,0x00000000a7a4e8d0,0x00000000ab000000)
 Metaspace       used 93255K, capacity 97166K, committed 97840K, reserved 1134592K
  class space    used 11811K, capacity 12681K, committed 12848K, reserved 1048576K
}
Event: 654.988 GC heap before
{Heap before GC invocations=39 (full 4):
 PSYoungGen      total 485376K, used 455115K [0x00000000e0000000, 0x00000000ffe00000, 0x0000000100000000)
  eden space 448512K, 100% used [0x00000000e0000000,0x00000000fb600000,0x00000000fb600000)
  from space 36864K, 17% used [0x00000000fda00000,0x00000000fe072f68,0x00000000ffe00000)
  to   space 36864K, 0% used [0x00000000fb600000,0x00000000fb600000,0x00000000fda00000)
 ParOldGen       total 180224K, used 125242K [0x00000000a0000000, 0x00000000ab000000, 0x00000000e0000000)
  object space 180224K, 69% used [0x00000000a0000000,0x00000000a7a4e8d0,0x00000000ab000000)
 Metaspace       used 97220K, capacity 101212K, committed 101936K, reserved 1138688K
  class space    used 12287K, capacity 13184K, committed 13360K, reserved 1048576K
Event: 655.171 GC heap after
Heap after GC invocations=39 (full 4):
 PSYoungGen      total 485376K, used 8035K [0x00000000e0000000, 0x00000000ffd00000, 0x0000000100000000)
  eden space 448512K, 0% used [0x00000000e0000000,0x00000000e0000000,0x00000000fb600000)
  from space 36864K, 21% used [0x00000000fb600000,0x00000000fbdd8e50,0x00000000fda00000)
  to   space 35328K, 0% used [0x00000000fda80000,0x00000000fda80000,0x00000000ffd00000)
 ParOldGen       total 180224K, used 129497K [0x00000000a0000000, 0x00000000ab000000, 0x00000000e0000000)
  object space 180224K, 71% used [0x00000000a0000000,0x00000000a7e76598,0x00000000ab000000)
 Metaspace       used 97220K, capacity 101212K, committed 101936K, reserved 1138688K
  class space    used 12287K, capacity 13184K, committed 13360K, reserved 1048576K
}
Event: 670.360 GC heap before
{Heap before GC invocations=40 (full 4):
 PSYoungGen      total 485376K, used 456547K [0x00000000e0000000, 0x00000000ffd00000, 0x0000000100000000)
  eden space 448512K, 100% used [0x00000000e0000000,0x00000000fb600000,0x00000000fb600000)
  from space 36864K, 21% used [0x00000000fb600000,0x00000000fbdd8e50,0x00000000fda00000)
  to   space 35328K, 0% used [0x00000000fda80000,0x00000000fda80000,0x00000000ffd00000)
 ParOldGen       total 180224K, used 129497K [0x00000000a0000000, 0x00000000ab000000, 0x00000000e0000000)
  object space 180224K, 71% used [0x00000000a0000000,0x00000000a7e76598,0x00000000ab000000)
 Metaspace       used 110892K, capacity 115040K, committed 115504K, reserved 1150976K
  class space    used 13807K, capacity 14752K, committed 14896K, reserved 1048576K
Event: 671.457 GC heap after
Heap after GC invocations=40 (full 4):
 PSYoungGen      total 481792K, used 28822K [0x00000000e0000000, 0x0000000100000000, 0x0000000100000000)
  eden space 446464K, 0% used [0x00000000e0000000,0x00000000e0000000,0x00000000fb400000)
  from space 35328K, 81% used [0x00000000fda80000,0x00000000ff6a5988,0x00000000ffd00000)
  to   space 38912K, 0% used [0x00000000fb400000,0x00000000fb400000,0x00000000fda00000)
 ParOldGen       total 180224K, used 132508K [0x00000000a0000000, 0x00000000ab000000, 0x00000000e0000000)
  object space 180224K, 73% used [0x00000000a0000000,0x00000000a8167300,0x00000000ab000000)
 Metaspace       used 110892K, capacity 115040K, committed 115504K, reserved 1150976K
  class space    used 13807K, capacity 14752K, committed 14896K, reserved 1048576K
}
Event: 680.057 GC heap before
{Heap before GC invocations=41 (full 4):
 PSYoungGen      total 481792K, used 475286K [0x00000000e0000000, 0x0000000100000000, 0x0000000100000000)
  eden space 446464K, 100% used [0x00000000e0000000,0x00000000fb400000,0x00000000fb400000)
  from space 35328K, 81% used [0x00000000fda80000,0x00000000ff6a5988,0x00000000ffd00000)
  to   space 38912K, 0% used [0x00000000fb400000,0x00000000fb400000,0x00000000fda00000)
 ParOldGen       total 180224K, used 132508K [0x00000000a0000000, 0x00000000ab000000, 0x00000000e0000000)
  object space 180224K, 73% used [0x00000000a0000000,0x00000000a8167300,0x00000000ab000000)
 Metaspace       used 119945K, capacity 124858K, committed 124976K, reserved 1159168K
  class space    used 15031K, capacity 16097K, committed 16176K, reserved 1048576K
Event: 680.770 GC heap after
Heap after GC invocations=41 (full 4):
 PSYoungGen      total 485376K, used 38894K [0x00000000e0000000, 0x0000000100000000, 0x0000000100000000)
  eden space 446464K, 0% used [0x00000000e0000000,0x00000000e0000000,0x00000000fb400000)
  from space 38912K, 99% used [0x00000000fb400000,0x00000000fd9fb8e0,0x00000000fda00000)
  to   space 38912K, 0% used [0x00000000fda00000,0x00000000fda00000,0x0000000100000000)
 ParOldGen       total 180224K, used 144879K [0x00000000a0000000, 0x00000000ab000000, 0x00000000e0000000)
  object space 180224K, 80% used [0x00000000a0000000,0x00000000a8d7bed0,0x00000000ab000000)
 Metaspace       used 119945K, capacity 124858K, committed 124976K, reserved 1159168K
  class space    used 15031K, capacity 16097K, committed 16176K, reserved 1048576K
}

Deoptimization events (10 events):
Event: 678.786 Thread 0x000000001ed18000 Uncommon trap: reason=class_check action=maybe_recompile pc=0x00000000068890b4 method=com.android.tools.r8.u.a.i.e.b(Lcom/android/tools/r8/u/b/h0;)V @ 236
Event: 678.795 Thread 0x000000001ed18000 Uncommon trap: reason=bimorphic action=maybe_recompile pc=0x0000000006888dbc method=com.android.tools.r8.u.a.i.e.b(Lcom/android/tools/r8/u/b/h0;)V @ 43
Event: 678.806 Thread 0x000000001ed18000 Uncommon trap: reason=class_check action=maybe_recompile pc=0x00000000068890b4 method=com.android.tools.r8.u.a.i.e.b(Lcom/android/tools/r8/u/b/h0;)V @ 236
Event: 678.858 Thread 0x000000001ed1c000 Uncommon trap: reason=unstable_if action=reinterpret pc=0x0000000006ce930c method=com.android.tools.r8.ir.conversion.o.a(Lcom/android/tools/r8/ir/conversion/N;IZ)V @ 605
Event: 678.872 Thread 0x000000001ed1c000 Uncommon trap: reason=unstable_if action=reinterpret pc=0x000000000730da68 method=com.android.tools.r8.ir.regalloc.a.a(Lcom/android/tools/r8/u/b/h0;Lcom/android/tools/r8/ir/regalloc/a$b;)Z @ 75
Event: 679.240 Thread 0x000000001f51b000 Uncommon trap: reason=unstable_if action=reinterpret pc=0x000000000303f0d0 method=java.util.HashMap.getNode(ILjava/lang/Object;)Ljava/util/HashMap$Node; @ 84
Event: 679.240 Thread 0x000000001f51b000 Uncommon trap: reason=unstable_if action=reinterpret pc=0x0000000003bd6438 method=java.util.HashMap.putVal(ILjava/lang/Object;Ljava/lang/Object;ZZ)Ljava/lang/Object; @ 109
Event: 679.241 Thread 0x000000001f51b000 Uncommon trap: reason=unstable_if action=reinterpret pc=0x000000000327f330 method=java.util.HashMap.getNode(ILjava/lang/Object;)Ljava/util/HashMap$Node; @ 84
Event: 679.532 Thread 0x000000001ed1c000 Uncommon trap: reason=unstable_if action=reinterpret pc=0x0000000007115df8 method=com.android.tools.r8.graph.c0.computeEquals(Ljava/lang/Object;)Z @ 37
Event: 679.627 Thread 0x000000001ed18000 Uncommon trap: reason=unstable_if action=reinterpret pc=0x0000000006ec1e84 method=com.android.tools.r8.graph.e0.a([C)I @ 29

Classes redefined (0 events):
No events

Internal exceptions (10 events):
Event: 675.137 Thread 0x000000001ed16000 Exception <a 'java/lang/NoSuchMethodError': <clinit>> (0x00000000e7f33f20) thrown at [C:\src\AOSP-openjdk-git\hotspot\src\share\vm\prims\jni.cpp, line 1615]
Event: 675.140 Thread 0x000000001ed16000 Exception <a 'java/lang/NoSuchMethodError': <clinit>> (0x00000000e7f50c78) thrown at [C:\src\AOSP-openjdk-git\hotspot\src\share\vm\prims\jni.cpp, line 1615]
Event: 675.179 Thread 0x000000001f51b000 Exception <a 'sun/nio/fs/WindowsException'> (0x00000000e8639290) thrown at [C:\src\AOSP-openjdk-git\hotspot\src\share\vm\prims\jni.cpp, line 710]
Event: 675.197 Thread 0x00000000265f8800 Exception <a 'sun/nio/fs/WindowsException'> (0x00000000e8b25718) thrown at [C:\src\AOSP-openjdk-git\hotspot\src\share\vm\prims\jni.cpp, line 710]
Event: 675.201 Thread 0x000000001ed1c000 Exception <a 'sun/nio/fs/WindowsException'> (0x00000000e8e8a598) thrown at [C:\src\AOSP-openjdk-git\hotspot\src\share\vm\prims\jni.cpp, line 710]
Event: 675.233 Thread 0x00000000265f8800 Exception <a 'java/lang/NoSuchMethodError': java.lang.Object.lambda$asRunnable$0(Lcom/android/tools/build/apkzlib/utils/IOExceptionRunnable;)V> (0x00000000e8f57db0) thrown at [C:\src\AOSP-openjdk-git\hotspot\src\share\vm\interpreter\linkResolver.cpp, line
Event: 675.509 Thread 0x00000000265f8800 Exception <a 'java/lang/NoSuchMethodError': java.lang.Object.newSystemTemporaryDirectory()Lcom/android/tools/build/apkzlib/bytestorage/TemporaryDirectory;> (0x00000000eb059938) thrown at [C:\src\AOSP-openjdk-git\hotspot\src\share\vm\interpreter\linkResolv
Event: 675.512 Thread 0x000000001ed1b000 Exception <a 'sun/nio/fs/WindowsException'> (0x00000000ea8d89d0) thrown at [C:\src\AOSP-openjdk-git\hotspot\src\share\vm\prims\jni.cpp, line 710]
Event: 676.104 Thread 0x000000001ed14800 Exception <a 'sun/nio/fs/WindowsException'> (0x00000000ee38bb40) thrown at [C:\src\AOSP-openjdk-git\hotspot\src\share\vm\prims\jni.cpp, line 710]
Event: 678.413 Thread 0x000000001ed1b000 Implicit null exception at 0x0000000006c26e94 to 0x0000000006c29ddd

Events (10 events):
Event: 680.778 Executing VM operation: RevokeBias
Event: 680.789 Executing VM operation: RevokeBias done
Event: 680.790 Executing VM operation: RevokeBias
Event: 680.791 Executing VM operation: RevokeBias done
Event: 680.793 Executing VM operation: RevokeBias
Event: 680.800 Executing VM operation: RevokeBias done
Event: 680.807 Executing VM operation: RevokeBias
Event: 680.810 Executing VM operation: RevokeBias done
Event: 680.878 Thread 0x000000001ed1b000 DEOPT PACKING pc=0x000000000308da20 sp=0x0000000028699d70
Event: 680.878 Thread 0x000000001ed1b000 DEOPT UNPACKING pc=0x0000000002de75d0 sp=0x0000000028699a70 mode 0


Dynamic libraries:
0x00007ff759010000 - 0x00007ff759041000 	C:\Program Files\Android\Android Studio\jre\bin\java.exe
0x00007ffb971a0000 - 0x00007ffb97390000 	C:\Windows\SYSTEM32\ntdll.dll
0x00007ffb95790000 - 0x00007ffb95842000 	C:\Windows\System32\KERNEL32.DLL
0x00007ffb94b10000 - 0x00007ffb94db5000 	C:\Windows\System32\KERNELBASE.dll
0x00007ffb95fe0000 - 0x00007ffb96083000 	C:\Windows\System32\ADVAPI32.dll
0x00007ffb96f50000 - 0x00007ffb96fee000 	C:\Windows\System32\msvcrt.dll
0x00007ffb97030000 - 0x00007ffb970c7000 	C:\Windows\System32\sechost.dll
0x00007ffb96e30000 - 0x00007ffb96f4f000 	C:\Windows\System32\RPCRT4.dll
0x00007ffb96bc0000 - 0x00007ffb96d54000 	C:\Windows\System32\USER32.dll
0x00007ffb94110000 - 0x00007ffb94131000 	C:\Windows\System32\win32u.dll
0x00007ffb95d30000 - 0x00007ffb95d56000 	C:\Windows\System32\GDI32.dll
0x00007ffb95010000 - 0x00007ffb951a8000 	C:\Windows\System32\gdi32full.dll
0x00007ffb94e70000 - 0x00007ffb94f0e000 	C:\Windows\System32\msvcp_win.dll
0x00007ffb94f10000 - 0x00007ffb9500a000 	C:\Windows\System32\ucrtbase.dll
0x00007ffb852a0000 - 0x00007ffb85524000 	C:\Windows\WinSxS\amd64_microsoft.windows.common-controls_6595b64144ccf1df_6.0.18362.1440_none_9e7dbfb9e45e8e67\COMCTL32.dll
0x00007ffb95380000 - 0x00007ffb956b6000 	C:\Windows\System32\combase.dll
0x00007ffb942a0000 - 0x00007ffb94321000 	C:\Windows\System32\bcryptPrimitives.dll
0x00007ffb97000000 - 0x00007ffb9702e000 	C:\Windows\System32\IMM32.DLL
0x00000000630e0000 - 0x00000000631b2000 	C:\Program Files\Android\Android Studio\jre\jre\bin\msvcr100.dll
0x0000000063bf0000 - 0x000000006443b000 	C:\Program Files\Android\Android Studio\jre\jre\bin\server\jvm.dll
0x00007ffb96ff0000 - 0x00007ffb96ff8000 	C:\Windows\System32\PSAPI.DLL
0x00007ffb8fcc0000 - 0x00007ffb8fcca000 	C:\Windows\SYSTEM32\VERSION.dll
0x00007ffb80a30000 - 0x00007ffb80a54000 	C:\Windows\SYSTEM32\WINMM.dll
0x00007ffb83b90000 - 0x00007ffb83bbd000 	C:\Windows\SYSTEM32\winmmbase.dll
0x00007ffb951d0000 - 0x00007ffb9521a000 	C:\Windows\System32\cfgmgr32.dll
0x00007ffb8fed0000 - 0x00007ffb8fed9000 	C:\Windows\SYSTEM32\WSOCK32.dll
0x00007ffb95720000 - 0x00007ffb9578f000 	C:\Windows\System32\WS2_32.dll
0x00007ffb8fe70000 - 0x00007ffb8fe7f000 	C:\Program Files\Android\Android Studio\jre\jre\bin\verify.dll
0x00007ffb867c0000 - 0x00007ffb867e9000 	C:\Program Files\Android\Android Studio\jre\jre\bin\java.dll
0x00007ffb74b60000 - 0x00007ffb74b76000 	C:\Program Files\Android\Android Studio\jre\jre\bin\zip.dll
0x00007ffb96400000 - 0x00007ffb96ae8000 	C:\Windows\System32\SHELL32.dll
0x00007ffb95de0000 - 0x00007ffb95e87000 	C:\Windows\System32\shcore.dll
0x00007ffb94390000 - 0x00007ffb94b0b000 	C:\Windows\System32\windows.storage.dll
0x00007ffb940f0000 - 0x00007ffb9410e000 	C:\Windows\System32\profapi.dll
0x00007ffb940a0000 - 0x00007ffb940ea000 	C:\Windows\System32\powrprof.dll
0x00007ffb94050000 - 0x00007ffb94060000 	C:\Windows\System32\UMPDC.dll
0x00007ffb961f0000 - 0x00007ffb96242000 	C:\Windows\System32\shlwapi.dll
0x00007ffb94080000 - 0x00007ffb94091000 	C:\Windows\System32\kernel.appcore.dll
0x00007ffb951b0000 - 0x00007ffb951c7000 	C:\Windows\System32\cryptsp.dll
0x00007ffb74b40000 - 0x00007ffb74b5a000 	C:\Program Files\Android\Android Studio\jre\jre\bin\net.dll
0x00007ffb93830000 - 0x00007ffb93897000 	C:\Windows\system32\mswsock.dll
0x00007ffb74b20000 - 0x00007ffb74b33000 	C:\Program Files\Android\Android Studio\jre\jre\bin\nio.dll
0x00007ffb7ddf0000 - 0x00007ffb7de16000 	C:\Users\mishra\.gradle\native\31\windows-amd64\native-platform.dll
0x00007ffb86d80000 - 0x00007ffb86d8d000 	C:\Program Files\Android\Android Studio\jre\jre\bin\management.dll
0x00007ffb933b0000 - 0x00007ffb933e3000 	C:\Windows\system32\rsaenh.dll
0x00007ffb95220000 - 0x00007ffb95246000 	C:\Windows\System32\bcrypt.dll
0x00007ffb93f30000 - 0x00007ffb93f55000 	C:\Windows\SYSTEM32\USERENV.dll
0x00007ffb93a00000 - 0x00007ffb93a0c000 	C:\Windows\SYSTEM32\CRYPTBASE.dll
0x00007ffb93540000 - 0x00007ffb9357a000 	C:\Windows\SYSTEM32\IPHLPAPI.DLL
0x00007ffb95d20000 - 0x00007ffb95d28000 	C:\Windows\System32\NSI.dll
0x00007ffb90900000 - 0x00007ffb90916000 	C:\Windows\SYSTEM32\dhcpcsvc6.DLL
0x00007ffb908e0000 - 0x00007ffb908fc000 	C:\Windows\SYSTEM32\dhcpcsvc.DLL
0x00007ffb93580000 - 0x00007ffb9364b000 	C:\Windows\SYSTEM32\DNSAPI.dll
0x00007ffb749e0000 - 0x00007ffb74a04000 	C:\Program Files\Android\Android Studio\jre\jre\bin\sunec.dll
0x00007ffb8e260000 - 0x00007ffb8e26a000 	C:\Windows\System32\rasadhlp.dll
0x00007ffb90960000 - 0x00007ffb909d7000 	C:\Windows\System32\fwpuclnt.dll
0x00007ffb867b0000 - 0x00007ffb867bb000 	C:\Program Files\Android\Android Studio\jre\jre\bin\sunmscapi.dll
0x00007ffb94140000 - 0x00007ffb94291000 	C:\Windows\System32\CRYPT32.dll
0x00007ffb94060000 - 0x00007ffb94072000 	C:\Windows\System32\MSASN1.dll
0x00007ffb93190000 - 0x00007ffb931c1000 	C:\Windows\SYSTEM32\ntmarta.dll
0x00007ffb921c0000 - 0x00007ffb9224f000 	C:\Windows\system32\apphelp.dll
0x0000000066e00000 - 0x0000000066f03000 	C:\Users\mishra\AppData\Local\Temp\sqlite-3.25.2-4825697f-66de-41de-905e-0f62e723445d-sqlitejdbc.dll

VM Arguments:
jvm_args: -Xmx1536m -Dfile.encoding=windows-1252 -Duser.country=IN -Duser.language=en -Duser.variant 
java_command: org.gradle.launcher.daemon.bootstrap.GradleDaemon 6.1.1
java_class_path (initial): C:\Users\mishra\.gradle\wrapper\dists\gradle-6.1.1-all\cfmwm155h49vnt3hynmlrsdst\gradle-6.1.1\lib\gradle-launcher-6.1.1.jar
Launcher Type: SUN_STANDARD

Environment Variables:
PATH=C:\Program Files (x86)\Intel\Intel(R) Management Engine Components\iCLS\;C:\Program Files\Intel\Intel(R) Management Engine Components\iCLS\;C:\Windows\system32;C:\Windows;C:\Windows\System32\Wbem;C:\Windows\System32\WindowsPowerShell\v1.0\;C:\Windows\System32\OpenSSH\;C:\Program Files (x86)\Intel\Intel(R) Management Engine Components\DAL;C:\Program Files\Intel\Intel(R) Management Engine Components\DAL;C:\Program Files\TortoiseGit\bin;C:\Program Files\Git\cmd;C:\Program Files (x86)\Microsoft VS Code\bin;C:\Program Files\nodejs\;C:\Users\mishra\AppData\Local\Microsoft\WindowsApps;
USERNAME=Mishra
OS=Windows_NT
PROCESSOR_IDENTIFIER=Intel64 Family 6 Model 158 Stepping 10, GenuineIntel



---------------  S Y S T E M  ---------------

OS: Windows 10.0 , 64 bit Build 18362 (10.0.18362.1350)

CPU:total 6 (initial active 6) (6 cores per cpu, 1 threads per core) family 6 model 158 stepping 10, cmov, cx8, fxsr, mmx, sse, sse2, sse3, ssse3, sse4.1, sse4.2, popcnt, avx, avx2, aes, clmul, erms, 3dnowpref, lzcnt, tsc, tscinvbit, bmi1, bmi2, adx

Memory: 4k page, physical 8207784k(16856k free), swap 33373608k(7368k free)

vm_info: OpenJDK 64-Bit Server VM (25.242-b01) for windows-amd64 JRE (1.8.0_242-release-1644-b01), built by "builder" with MS VC++ 10.0 (VS2010)

time: Fri Apr 23 17:25:24 2021
timezone: India Standard Time
elapsed time: 680 seconds (0d 0h 11m 20s)

